<?xml version="1.0" encoding="UTF-8"?>
<!-- Generated by org.testng.reporters.JUnitReportReporter -->
<testsuite skipped="0" hostname="Gokul" name="tests.GKartAPP" tests="3" failures="0" timestamp="2020-07-21T23:11:30 BST" time="5.648" errors="0">
  <testcase name="Search" time="1.109" classname="tests.GKartAPP"/>
  <system-out/>
  <testcase name="Contact_Us" time="3.048" classname="tests.GKartAPP"/>
  <system-out/>
  <testcase name="Cart" time="1.491" classname="tests.GKartAPP"/>
  <system-out/>
</testsuite> <!-- tests.GKartAPP -->
