<?xml version="1.0" encoding="UTF-8"?>
<!-- Generated by org.testng.reporters.JUnitReportReporter -->
<testsuite skipped="0" hostname="Gokul" name="tests.Hostel" tests="4" failures="0" timestamp="2020-07-21T22:54:28 BST" time="4.717" errors="0">
  <testcase name="Login" time="0.630" classname="tests.Hostel"/>
  <system-out/>
  <testcase name="Language" time="2.016" classname="tests.Hostel"/>
  <system-out/>
  <testcase name="Go" time="0.807" classname="tests.Hostel"/>
  <system-out/>
  <testcase name="Currency" time="1.264" classname="tests.Hostel"/>
  <system-out/>
</testsuite> <!-- tests.Hostel -->
