<?xml version="1.0" encoding="UTF-8"?>
<!-- Generated by org.testng.reporters.JUnitReportReporter -->
<testsuite skipped="0" hostname="Gokul" name="tests.Class1" tests="3" failures="0" timestamp="2020-07-21T11:04:17 BST" time="0.009" errors="0">
  <testcase name="Ireland4" time="0.004" classname="tests.Class1"/>
  <system-out/>
  <testcase name="Ireland3" time="0.004" classname="tests.Class1"/>
  <system-out/>
  <testcase name="Ireland5" time="0.001" classname="tests.Class1"/>
  <system-out/>
</testsuite> <!-- tests.Class1 -->
