<?xml version="1.0" encoding="UTF-8"?>
<!-- Generated by org.testng.reporters.JUnitReportReporter -->
<testsuite skipped="0" hostname="Gokul" name="tests.Class2" tests="3" failures="0" timestamp="2020-07-21T11:19:52 BST" time="0.011" errors="0">
  <testcase name="Ireland3" time="0.005" classname="tests.Class2"/>
  <system-out/>
  <testcase name="Ireland4" time="0.002" classname="tests.Class2"/>
  <system-out/>
  <testcase name="Ireland5" time="0.004" classname="tests.Class2"/>
  <system-out/>
</testsuite> <!-- tests.Class2 -->
